2023-08-06 01:06:28.922137 - Initialized conversion of CBT104
2023-08-06 01:06:29.359492 - Received CBT.V505.FILE104.PDS from FILE104.XMI 
2023-08-06 01:06:29.362093 - Found $$$#DATE.txt (text/plain) in CBT.V505.FILE104.PDS, moved to PDS/$$$#DATE
2023-08-06 01:06:29.363101 - Found $$$DOC.txt (text/plain) in CBT.V505.FILE104.PDS, moved to PDS/$$$DOC
2023-08-06 01:06:29.364154 - Found $$DOC.txt (text/plain) in CBT.V505.FILE104.PDS, moved to PDS/$$DOC
2023-08-06 01:06:29.365160 - Found $$DOCOL.txt (text/plain) in CBT.V505.FILE104.PDS, moved to PDS/$$DOCOL
2023-08-06 01:06:29.366136 - Found $SBGINST.jcl (text/plain) in CBT.V505.FILE104.PDS, moved to PDS/$SBGINST
2023-08-06 01:06:29.366993 - Found @FILE104.txt (text/plain) in CBT.V505.FILE104.PDS, moved to PDS/@FILE104
2023-08-06 01:06:29.367815 - Found DHCINST.txt (text/plain) in CBT.V505.FILE104.PDS, moved to PDS/DHCINST
2023-08-06 01:06:29.368611 - Found DHC100A.txt (text/plain) in CBT.V505.FILE104.PDS, moved to PDS/DHC100A
2023-08-06 01:06:29.369456 - Found DHC121A.txt (text/plain) in CBT.V505.FILE104.PDS, moved to PDS/DHC121A
2023-08-06 01:06:29.370262 - Found DHC121B.txt (text/plain) in CBT.V505.FILE104.PDS, moved to PDS/DHC121B
2023-08-06 01:06:29.371058 - Found DHC300A.txt (text/plain) in CBT.V505.FILE104.PDS, moved to PDS/DHC300A
2023-08-06 01:06:29.371906 - Found DHC300B.txt (text/plain) in CBT.V505.FILE104.PDS, moved to PDS/DHC300B
2023-08-06 01:06:29.372897 - Found DHC300C.txt (text/plain) in CBT.V505.FILE104.PDS, moved to PDS/DHC300C
2023-08-06 01:06:29.373890 - Found JRP.txt (text/plain) in CBT.V505.FILE104.PDS, moved to PDS/JRP
2023-08-06 01:06:29.374833 - Found JRPDMAC.txt (text/plain) in CBT.V505.FILE104.PDS, moved to PDS/JRPDMAC
2023-08-06 01:06:29.375663 - Found JRPDMACX.txt (text/plain) in CBT.V505.FILE104.PDS, moved to PDS/JRPDMACX
2023-08-06 01:06:29.376452 - Found JRPDOCP.jcl (text/plain) in CBT.V505.FILE104.PDS, moved to PDS/JRPDOCP
2023-08-06 01:06:29.377280 - Found JRPEX.txt (text/plain) in CBT.V505.FILE104.PDS, moved to PDS/JRPEX
2023-08-06 01:06:29.378233 - Found JRPINIT.txt (text/plain) in CBT.V505.FILE104.PDS, moved to PDS/JRPINIT
2023-08-06 01:06:29.379236 - Found JRPINST.jcl (text/plain) in CBT.V505.FILE104.PDS, moved to PDS/JRPINST
2023-08-06 01:06:29.380088 - Found JRPREGS.txt (text/plain) in CBT.V505.FILE104.PDS, moved to PDS/JRPREGS
2023-08-06 01:06:29.381024 - Found JRPRINT.txt (text/plain) in CBT.V505.FILE104.PDS, moved to PDS/JRPRINT
2023-08-06 01:06:29.381963 - Found JRPRINTH.txt (text/plain) in CBT.V505.FILE104.PDS, moved to PDS/JRPRINTH
2023-08-06 01:06:29.382976 - Found JRPRTRN.txt (text/plain) in CBT.V505.FILE104.PDS, moved to PDS/JRPRTRN
2023-08-06 01:06:29.383827 - Found JRPSAVE.txt (text/plain) in CBT.V505.FILE104.PDS, moved to PDS/JRPSAVE
2023-08-06 01:06:29.384632 - Found JRPSMAC.txt (text/plain) in CBT.V505.FILE104.PDS, moved to PDS/JRPSMAC
2023-08-06 01:06:29.385500 - Found JRPSMACX.txt (text/plain) in CBT.V505.FILE104.PDS, moved to PDS/JRPSMACX
2023-08-06 01:06:29.386442 - Found JRPTMAC.txt (text/plain) in CBT.V505.FILE104.PDS, moved to PDS/JRPTMAC
2023-08-06 01:06:29.387319 - Found JRPUNLD.jcl (text/plain) in CBT.V505.FILE104.PDS, moved to PDS/JRPUNLD
2023-08-06 01:06:29.388154 - Found JRP100.txt (text/plain) in CBT.V505.FILE104.PDS, moved to PDS/JRP100
2023-08-06 01:06:29.389013 - Found JRP100OL.txt (text/plain) in CBT.V505.FILE104.PDS, moved to PDS/JRP100OL
2023-08-06 01:06:29.390001 - Found JRP110.txt (text/plain) in CBT.V505.FILE104.PDS, moved to PDS/JRP110
2023-08-06 01:06:29.391058 - Found JRP110OL.txt (text/plain) in CBT.V505.FILE104.PDS, moved to PDS/JRP110OL
2023-08-06 01:06:29.391918 - Found JRP120.txt (text/plain) in CBT.V505.FILE104.PDS, moved to PDS/JRP120
2023-08-06 01:06:29.392741 - Found JRP121.txt (text/plain) in CBT.V505.FILE104.PDS, moved to PDS/JRP121
2023-08-06 01:06:29.393745 - Found JRP121OL.txt (text/plain) in CBT.V505.FILE104.PDS, moved to PDS/JRP121OL
2023-08-06 01:06:29.394783 - Found JRP122.txt (text/plain) in CBT.V505.FILE104.PDS, moved to PDS/JRP122
2023-08-06 01:06:29.395703 - Found JRP123.txt (text/plain) in CBT.V505.FILE104.PDS, moved to PDS/JRP123
2023-08-06 01:06:29.396595 - Found JRP200.txt (text/plain) in CBT.V505.FILE104.PDS, moved to PDS/JRP200
2023-08-06 01:06:29.397530 - Found JRP210.txt (text/plain) in CBT.V505.FILE104.PDS, moved to PDS/JRP210
2023-08-06 01:06:29.398475 - Found JRP220.txt (text/plain) in CBT.V505.FILE104.PDS, moved to PDS/JRP220
2023-08-06 01:06:29.399460 - Found JRP300.txt (text/plain) in CBT.V505.FILE104.PDS, moved to PDS/JRP300
2023-08-06 01:06:29.400359 - Found JRP300OL.txt (text/plain) in CBT.V505.FILE104.PDS, moved to PDS/JRP300OL
2023-08-06 01:06:29.401299 - Found JRP300RT.txt (text/plain) in CBT.V505.FILE104.PDS, moved to PDS/JRP300RT
2023-08-06 01:06:29.402214 - Found JRP310.txt (text/plain) in CBT.V505.FILE104.PDS, moved to PDS/JRP310
2023-08-06 01:06:29.403195 - Found MDCB.txt (text/plain) in CBT.V505.FILE104.PDS, moved to PDS/MDCB
2023-08-06 01:06:29.404115 - Found RIN.txt (text/plain) in CBT.V505.FILE104.PDS, moved to PDS/RIN
2023-08-06 01:06:29.405000 - Found ROUT.txt (text/plain) in CBT.V505.FILE104.PDS, moved to PDS/ROUT
